C51 COMPILER V9.55   BUJIN                                                                 05/08/2019 21:43:56 PAGE 1   


C51 COMPILER V9.55, COMPILATION OF MODULE BUJIN
OBJECT MODULE PLACED IN .\Objects\bujin.obj
COMPILER INVOKED BY: C:\Keil_v5\C51\BIN\C51.EXE Code\bujin.c OPTIMIZE(8,SPEED) BROWSE INCDIR(.\Code) DEBUG OBJECTEXTEND 
                    -PRINT(.\Listings\bujin.lst) TABS(2) OBJECT(.\Objects\bujin.obj)

line level    source

   1          #include<reg51.h>
   2          #include<bujin.h>
   3          /*
   4          功能：实现对步进电机的控制
   5          参数：角位移，方向，速度
   6          */
   7          //定义步进电机时序图
   8          code int positiveRe[8]={0x80,0xc0,0x40,0x60,0x20,0x30,0x10,0x90};
   9          
  10          //定义数码管显示数组
  11          code unsigned char numbers[10]={0x77,0x14,0xb3,0xb6,0xd4,0xe6,0xef,0x34,0xf7,0xf6};
  12          
  13          void run(double arc,bit direction,double speed)
  14          {
  15   1        
  16   1        unsigned int count; 
  17   1        double time;
  18   1        unsigned int i;
  19   1      
  20   1        //用弧度计算出步数
  21   1        count=(arc/3.14*180)/STEP;
  22   1        //用转速计算出总的用时
  23   1        time=arc/speed;
  24   1        //计算每一步大约需要的延时
  25   1        time=time/count;
  26   1      
  27   1        //实现脉冲交替变化
  28   1        for(i=0;i<count;i++)
  29   1        {
  30   2          if(direction)
  31   2          switch(i%8)
  32   2          {
  33   3            case 0:PORT=(PORT&0X0F)|positiveRe[0];break;
  34   3            case 1:PORT=(PORT&0X0F)|positiveRe[1];break;
  35   3            case 2:PORT=(PORT&0X0F)|positiveRe[2];break;
  36   3            case 3:PORT=(PORT&0X0F)|positiveRe[3];break;
  37   3            case 4:PORT=(PORT&0X0F)|positiveRe[4];break;
  38   3            case 5:PORT=(PORT&0X0F)|positiveRe[5];break;
  39   3            case 6:PORT=(PORT&0X0F)|positiveRe[6];break;
  40   3            case 7:PORT=(PORT&0X0F)|positiveRe[7];break;
  41   3          }
  42   2          else
  43   2            switch(i%8)
  44   2              {
  45   3            case 7:PORT=(PORT&0X0f)|positiveRe[0];break;
  46   3            case 6:PORT=(PORT&0X0f)|positiveRe[1];break;
  47   3            case 5:PORT=(PORT&0X0f)|positiveRe[2];break;
  48   3            case 4:PORT=(PORT&0X0f)|positiveRe[3];break;
  49   3            case 3:PORT=(PORT&0X0f)|positiveRe[4];break;
  50   3            case 2:PORT=(PORT&0X0f)|positiveRe[5];break;
  51   3            case 1:PORT=(PORT&0X0f)|positiveRe[6];break;
  52   3            case 0:PORT=(PORT&0X0f)|positiveRe[7];break;
  53   3              }
  54   2          
C51 COMPILER V9.55   BUJIN                                                                 05/08/2019 21:43:56 PAGE 2   

  55   2              //判断是否转过了一圈
  56   2            if(i%COUNT==0)
  57   2                P0=numbers[i/COUNT];
  58   2          //bujinDelay_n_ms(100);  //延长一定时间用以调节速度
  59   2            bujinDelay_n_100us((unsigned int)(time*10000));
  60   2        }
  61   1      }
  62            //延时相应时间
  63            void bujinDelay_n_100us(unsigned int i)
  64            {
  65   1          while(--i)
  66   1          {
  67   2            delay100us();
  68   2          }
  69   1        }
  70            
  71          void delay100us(void)   //误差 -0.173611111111us
  72          {
  73   1          unsigned char a,b;
  74   1          for(b=3;b>0;b--)
  75   1              for(a=13;a>0;a--);
  76   1      }
  77          
  78          
  79            


MODULE INFORMATION:   STATIC OVERLAYABLE
   CODE SIZE        =    383    ----
   CONSTANT SIZE    =     26    ----
   XDATA SIZE       =   ----    ----
   PDATA SIZE       =   ----    ----
   DATA SIZE        =   ----      18
   IDATA SIZE       =   ----    ----
   BIT SIZE         =   ----       1
END OF MODULE INFORMATION.


C51 COMPILATION COMPLETE.  0 WARNING(S),  0 ERROR(S)
