C51 COMPILER V9.55   KEYBOARD                                                              05/08/2019 15:46:54 PAGE 1   


C51 COMPILER V9.55, COMPILATION OF MODULE KEYBOARD
OBJECT MODULE PLACED IN .\Objects\keyBoard.obj
COMPILER INVOKED BY: C:\Keil_v5\C51\BIN\C51.EXE keyBoard.c OPTIMIZE(8,SPEED) BROWSE INCDIR(.\Code) DEBUG OBJECTEXTEND PR
                    -INT(.\Listings\keyBoard.lst) TABS(2) OBJECT(.\Objects\keyBoard.obj)

line level    source

   1          #include<reg51.h>
   2          #include<keyBoard.h>
   3          
   4          sbit t4=P2^3;
   5          //≤‚ ‘
   6          void text04()
   7          {
   8   1        t4=0;
   9   1      }


MODULE INFORMATION:   STATIC OVERLAYABLE
   CODE SIZE        =      3    ----
   CONSTANT SIZE    =   ----    ----
   XDATA SIZE       =   ----    ----
   PDATA SIZE       =   ----    ----
   DATA SIZE        =   ----    ----
   IDATA SIZE       =   ----    ----
   BIT SIZE         =   ----    ----
END OF MODULE INFORMATION.


C51 COMPILATION COMPLETE.  0 WARNING(S),  0 ERROR(S)
