C51 COMPILER V9.55   SERIALPORT                                                            05/08/2019 21:43:57 PAGE 1   


C51 COMPILER V9.55, COMPILATION OF MODULE SERIALPORT
OBJECT MODULE PLACED IN .\Objects\serialPort.obj
COMPILER INVOKED BY: C:\Keil_v5\C51\BIN\C51.EXE Code\serialPort.c OPTIMIZE(8,SPEED) BROWSE INCDIR(.\Code) DEBUG OBJECTEX
                    -TEND PRINT(.\Listings\serialPort.lst) TABS(2) OBJECT(.\Objects\serialPort.obj)

line level    source

   1          #include"serialPort.h"
   2          
   3          //串口初始化函数，
   4          void serialInit()
   5          {
   6   1        TMOD=0X20;//用定时器1的模式2
   7   1        TH1=TL1=0XFD;//波特率设为9600
   8   1        SCON=0X50;//串口方式1，TI和RI清零，允许接收
   9   1        TR1=1;  //打开时钟
  10   1      }
  11          
  12          //定义一个发送一个字节的函数
  13          void sendByte(unsigned char dat)
  14          {
  15   1        SBUF=dat;
  16   1        while(!TI);  //等待完成
  17   1        TI=0;
  18   1      }
  19          
  20          //定义一个接收一个字节的函数
  21          unsigned char readByte()
  22          {
  23   1        unsigned char dat;
  24   1        while(!RI);
  25   1        dat=SBUF;
  26   1        RI=0;
  27   1        return dat;
  28   1      }


MODULE INFORMATION:   STATIC OVERLAYABLE
   CODE SIZE        =     31    ----
   CONSTANT SIZE    =   ----    ----
   XDATA SIZE       =   ----    ----
   PDATA SIZE       =   ----    ----
   DATA SIZE        =   ----    ----
   IDATA SIZE       =   ----    ----
   BIT SIZE         =   ----    ----
END OF MODULE INFORMATION.


C51 COMPILATION COMPLETE.  0 WARNING(S),  0 ERROR(S)
